<?xml version="1.0" encoding="UTF-8"?>
<!-- Generated by org.testng.reporters.JUnitReportReporter -->
<testsuite skipped="1" hostname="DESKTOP-I76TGM3" name="org.rahulshettyacademy.DemoTest" tests="1" failures="0" timestamp="2021-02-15T10:04:10 CET" time="0.000" errors="0">
  <testcase name="flightTest" time="0.000" classname="org.rahulshettyacademy.DemoTest">
    <skipped/>
  </testcase> <!-- flightTest -->
  <system-out/>
</testsuite> <!-- org.rahulshettyacademy.DemoTest -->
